<?xml version="1.0" encoding="utf-8"?><testsuites name="pytest tests"><testsuite name="pytest" errors="0" failures="0" skipped="0" tests="9" time="1.788" timestamp="2026-06-22T07:17:02.816836+00:00" hostname="agent-env-828fda6f-0a08-46b3-8667-d60db04c9c8e"><testcase classname="backend.tests.test_geocoat_api.TestRoot" name="test_root_returns_alive_message" time="0.270" /><testcase classname="backend.tests.test_geocoat_api.TestContact" name="test_create_contact_valid" time="0.203" /><testcase classname="backend.tests.test_geocoat_api.TestContact" name="test_create_contact_minimal_required_fields" time="0.149" /><testcase classname="backend.tests.test_geocoat_api.TestContact" name="test_create_contact_invalid_email_returns_422" time="0.133" /><testcase classname="backend.tests.test_geocoat_api.TestContact" name="test_create_contact_missing_name_returns_422" time="0.146" /><testcase classname="backend.tests.test_geocoat_api.TestContact" name="test_create_contact_missing_email_returns_422" time="0.147" /><testcase classname="backend.tests.test_geocoat_api.TestContact" name="test_create_contact_missing_message_returns_422" time="0.140" /><testcase classname="backend.tests.test_geocoat_api.TestContact" name="test_create_contact_empty_strings_return_422" time="0.146" /><testcase classname="backend.tests.test_geocoat_api.TestContact" name="test_list_contacts_sorted_desc" time="0.203" /></testsuite></testsuites>